<?xml version="1.0" encoding="UTF-8"?>
<!-- Generated by org.testng.reporters.JUnitReportReporter -->
<testsuite hostname="DESKTOP-L2NSPT7" failures="0" tests="1" name="script.DemoTest" time="19.438" errors="0" timestamp="2023-05-04T21:35:06 IST" skipped="0">
  <testcase classname="script.DemoTest" name="demoTest1" time="19.438"/>
  <system-out>
    <![CDATA[test data:admin
Google]]>
  </system-out>
</testsuite> <!-- script.DemoTest -->
